SF:/Users/rob.macdonald/Documents/code/misc/demo/lib/api/errors.ts
FN:29,createErrorResponse
FN:52,createValidationErrorResponse
FN:62,createBadRequestResponse
FN:75,createUnauthorizedResponse
FN:84,createNotFoundResponse
FN:99,createInternalServerErrorResponse
FN:145,createForbiddenResponse
FN:155,createTooManyRequestsResponse
FNDA:16,createErrorResponse
FNDA:3,createValidationErrorResponse
FNDA:2,createBadRequestResponse
FNDA:2,createUnauthorizedResponse
FNDA:2,createNotFoundResponse
FNDA:2,createInternalServerErrorResponse
FNDA:2,createForbiddenResponse
FNDA:2,createTooManyRequestsResponse
FNF:8
FNH:8
BRDA:39,1,0,4
BRDA:40,1,1,2
BRDA:66,3,0,1
BRDA:110,6,0,0
BRDA:122,6,1,1
BRDA:166,9,0,1
BRF:6
BRH:5
DA:12,2
DA:29,2
DA:30,2
DA:31,2
DA:32,2
DA:33,2
DA:34,2
DA:36,18
DA:37,18
DA:38,54
DA:39,58
DA:40,58
DA:41,18
DA:43,18
DA:44,18
DA:45,54
DA:46,18
DA:47,18
DA:52,2
DA:53,2
DA:54,2
DA:56,5
DA:57,5
DA:62,2
DA:63,2
DA:64,2
DA:66,4
DA:67,15
DA:68,5
DA:69,5
DA:70,4
DA:75,2
DA:76,2
DA:78,4
DA:79,4
DA:84,2
DA:85,2
DA:87,4
DA:88,4
DA:99,2
DA:100,2
DA:101,2
DA:102,2
DA:103,2
DA:106,4
DA:107,4
DA:108,4
DA:110,0
DA:112,0
DA:113,0
DA:114,0
DA:115,0
DA:117,4
DA:118,4
DA:119,4
DA:122,4
DA:123,0
DA:124,0
DA:125,0
DA:126,0
DA:127,0
DA:128,0
DA:130,0
DA:131,0
DA:132,0
DA:133,0
DA:134,0
DA:135,0
DA:136,0
DA:137,5
DA:139,4
DA:140,4
DA:145,2
DA:146,2
DA:147,2
DA:149,4
DA:150,4
DA:155,2
DA:156,2
DA:157,2
DA:159,4
DA:162,4
DA:163,4
DA:164,4
DA:165,4
DA:166,4
DA:167,5
DA:168,5
DA:169,4
DA:171,4
DA:172,4
DA:173,12
DA:174,4
DA:175,4
LH:76
LF:94
end_of_record
SF:/Users/rob.macdonald/Documents/code/misc/demo/lib/auth/cookies.ts
FN:30,setSessionCookie
FN:46,clearSessionCookie
FN:63,getSessionToken
FNDA:0,setSessionCookie
FNDA:0,clearSessionCookie
FNDA:0,getSessionToken
FNF:3
FNH:0
BRF:0
BRH:0
DA:11,2
DA:16,2
DA:17,2
DA:18,2
DA:19,2
DA:20,2
DA:21,2
DA:22,2
DA:30,0
DA:31,0
DA:32,0
DA:34,0
DA:35,0
DA:36,0
DA:37,0
DA:38,0
DA:39,0
DA:46,0
DA:47,0
DA:48,0
DA:50,0
DA:51,0
DA:52,0
DA:53,0
DA:54,0
DA:55,0
DA:63,0
DA:64,0
DA:65,0
DA:66,0
DA:67,0
DA:69,0
DA:70,0
DA:71,0
DA:74,0
DA:75,0
DA:76,0
DA:78,0
DA:79,0
LH:8
LF:39
end_of_record
SF:/Users/rob.macdonald/Documents/code/misc/demo/lib/auth/jwt.ts
FN:18,getJwtSecret
FN:46,createSessionToken
FN:77,verifySessionToken
FNDA:9,getJwtSecret
FNDA:5,createSessionToken
FNDA:4,verifySessionToken
FNF:3
FNH:3
BRDA:20,1,0,1
BRDA:24,1,1,8
BRDA:57,2,0,4
BRDA:90,3,0,2
BRDA:94,3,1,2
BRDA:95,3,2,2
BRDA:96,3,3,2
BRDA:97,3,4,2
BRDA:99,3,5,2
BRDA:101,3,6,0
BRDA:103,3,7,2
BRDA:104,3,8,0
BRF:12
BRH:10
DA:8,3
DA:9,3
DA:10,3
DA:11,3
DA:12,3
DA:18,3
DA:19,12
DA:20,12
DA:21,13
DA:22,13
DA:24,13
DA:25,20
DA:26,12
DA:46,3
DA:47,3
DA:48,3
DA:49,3
DA:51,8
DA:52,8
DA:53,8
DA:54,8
DA:55,32
DA:56,8
DA:57,32
DA:60,12
DA:61,12
DA:62,12
DA:63,12
DA:64,12
DA:65,12
DA:67,48
DA:68,8
DA:77,3
DA:78,3
DA:80,7
DA:81,7
DA:82,7
DA:83,7
DA:84,28
DA:85,7
DA:86,28
DA:89,7
DA:90,7
DA:92,7
DA:93,7
DA:94,7
DA:95,7
DA:96,7
DA:97,7
DA:98,7
DA:99,7
DA:100,9
DA:101,9
DA:102,0
DA:103,0
DA:104,0
DA:105,9
DA:106,9
DA:107,7
LH:56
LF:59
end_of_record
SF:/Users/rob.macdonald/Documents/code/misc/demo/lib/auth/middleware.ts
FN:26,getSessionFromRequest
FN:58,withSession
FN:81,requireAuth
FN:100,requireAuthForApi
FNDA:0,getSessionFromRequest
FNDA:0,withSession
FNDA:0,requireAuth
FNDA:0,requireAuthForApi
FNF:4
FNH:0
BRF:0
BRH:0
DA:9,2
DA:10,2
DA:26,0
DA:27,0
DA:29,0
DA:30,0
DA:31,0
DA:32,0
DA:34,0
DA:35,0
DA:36,0
DA:38,0
DA:39,0
DA:40,0
DA:58,0
DA:59,0
DA:60,0
DA:62,0
DA:64,0
DA:65,0
DA:66,0
DA:67,0
DA:68,0
DA:69,0
DA:70,0
DA:71,0
DA:72,0
DA:81,0
DA:82,0
DA:84,0
DA:85,0
DA:86,0
DA:87,0
DA:88,0
DA:100,0
DA:101,0
DA:103,0
DA:105,0
DA:106,0
DA:107,0
DA:108,0
DA:109,0
DA:110,0
DA:111,0
DA:113,0
DA:115,0
DA:116,0
LH:2
LF:47
end_of_record
SF:/Users/rob.macdonald/Documents/code/misc/demo/lib/auth/password.ts
FN:16,hashPassword
FN:27,verifyPassword
FNDA:8,hashPassword
FNDA:5,verifyPassword
FNF:2
FNH:2
BRF:0
BRH:0
DA:8,1
DA:16,1
DA:17,9
DA:18,9
DA:27,1
DA:28,1
DA:29,1
DA:31,6
DA:32,6
LH:9
LF:9
end_of_record
SF:/Users/rob.macdonald/Documents/code/misc/demo/lib/cache/redis.ts
FN:20,<instance_members_initializer>
FN:24,RedisCache
FN:33,isEnabled
FN:40,generateCacheKey
FN:57,get
FN:109,set
FN:157,delete
FN:185,getCached
FN:196,setCached
FN:210,increment
FN:283,getInt
FNDA:1,<instance_members_initializer>
FNDA:1,RedisCache
FNDA:0,isEnabled
FNDA:0,generateCacheKey
FNDA:0,get
FNDA:0,set
FNDA:0,delete
FNDA:0,getCached
FNDA:0,setCached
FNDA:0,increment
FNDA:0,getInt
FNF:11
FNH:2
BRDA:27,2,0,0
BRF:1
BRH:0
DA:19,1
DA:20,1
DA:21,2
DA:22,1
DA:24,1
DA:25,2
DA:26,2
DA:27,0
DA:28,2
DA:33,0
DA:34,0
DA:35,0
DA:40,0
DA:41,0
DA:42,0
DA:43,0
DA:44,0
DA:45,0
DA:46,0
DA:47,0
DA:48,0
DA:49,0
DA:50,0
DA:51,0
DA:52,0
DA:57,0
DA:58,0
DA:59,0
DA:60,0
DA:62,0
DA:64,0
DA:65,0
DA:66,0
DA:67,0
DA:68,0
DA:69,0
DA:70,0
DA:71,0
DA:73,0
DA:75,0
DA:76,0
DA:77,0
DA:79,0
DA:80,0
DA:81,0
DA:82,0
DA:84,0
DA:85,0
DA:88,0
DA:90,0
DA:91,0
DA:92,0
DA:94,0
DA:95,0
DA:97,0
DA:98,0
DA:99,0
DA:100,0
DA:102,0
DA:103,0
DA:104,0
DA:109,0
DA:110,0
DA:111,0
DA:112,0
DA:113,0
DA:114,0
DA:115,0
DA:116,0
DA:118,0
DA:119,0
DA:120,0
DA:121,0
DA:122,0
DA:123,0
DA:127,0
DA:128,0
DA:129,0
DA:130,0
DA:131,0
DA:132,0
DA:133,0
DA:134,0
DA:135,0
DA:136,0
DA:137,0
DA:138,0
DA:139,0
DA:141,0
DA:142,0
DA:143,0
DA:144,0
DA:146,0
DA:147,0
DA:148,0
DA:149,0
DA:151,0
DA:152,0
DA:157,0
DA:158,0
DA:159,0
DA:160,0
DA:162,0
DA:164,0
DA:165,0
DA:166,0
DA:167,0
DA:168,0
DA:169,0
DA:170,0
DA:171,0
DA:172,0
DA:174,0
DA:175,0
DA:176,0
DA:177,0
DA:179,0
DA:180,0
DA:185,0
DA:186,0
DA:187,0
DA:188,0
DA:189,0
DA:190,0
DA:191,0
DA:196,0
DA:197,0
DA:198,0
DA:199,0
DA:200,0
DA:201,0
DA:202,0
DA:203,0
DA:204,0
DA:210,0
DA:211,0
DA:212,0
DA:213,0
DA:215,0
DA:217,0
DA:218,0
DA:222,0
DA:223,0
DA:224,0
DA:225,0
DA:226,0
DA:227,0
DA:228,0
DA:229,0
DA:231,0
DA:232,0
DA:233,0
DA:234,0
DA:236,0
DA:237,0
DA:240,0
DA:241,0
DA:242,0
DA:243,0
DA:244,0
DA:245,0
DA:246,0
DA:247,0
DA:248,0
DA:249,0
DA:251,0
DA:252,0
DA:253,0
DA:254,0
DA:255,0
DA:256,0
DA:257,0
DA:258,0
DA:259,0
DA:260,0
DA:262,0
DA:263,0
DA:264,0
DA:265,0
DA:267,0
DA:268,0
DA:269,0
DA:270,0
DA:271,0
DA:272,0
DA:273,0
DA:274,0
DA:276,0
DA:277,0
DA:278,0
DA:283,0
DA:284,0
DA:285,0
DA:286,0
DA:288,0
DA:289,0
DA:290,0
DA:291,0
DA:292,0
DA:293,0
DA:294,0
DA:295,0
DA:296,0
DA:298,0
DA:299,0
DA:300,0
DA:302,0
DA:303,0
DA:304,0
DA:305,0
DA:307,0
DA:308,0
DA:309,0
DA:310,0
DA:311,0
DA:312,0
DA:314,0
DA:315,0
DA:316,0
DA:317,1
DA:320,1
LH:10
LF:221
end_of_record
SF:/Users/rob.macdonald/Documents/code/misc/demo/lib/db.ts
FN:15,getDatabaseUrl
FN:33,createPool
FN:47,getPool
FN:76,query
FN:101,getClient
FN:112,transaction
FN:134,closePool
FN:146,testConnection
FNDA:0,getDatabaseUrl
FNDA:0,createPool
FNDA:0,getPool
FNDA:0,query
FNDA:0,getClient
FNDA:0,transaction
FNDA:0,closePool
FNDA:0,testConnection
FNF:8
FNH:0
BRF:0
BRH:0
DA:8,1
DA:15,0
DA:16,0
DA:17,0
DA:18,0
DA:19,0
DA:21,0
DA:22,0
DA:23,0
DA:33,0
DA:34,0
DA:37,0
DA:38,0
DA:41,1
DA:47,0
DA:48,0
DA:49,0
DA:50,0
DA:51,0
DA:52,0
DA:76,0
DA:77,0
DA:78,0
DA:80,0
DA:81,0
DA:83,0
DA:84,0
DA:85,0
DA:86,0
DA:87,0
DA:88,0
DA:89,0
DA:90,0
DA:91,0
DA:92,0
DA:101,0
DA:102,0
DA:103,0
DA:104,0
DA:112,0
DA:113,0
DA:115,0
DA:117,0
DA:118,0
DA:119,0
DA:120,0
DA:121,0
DA:122,0
DA:123,0
DA:124,0
DA:125,0
DA:126,0
DA:127,0
DA:128,0
DA:134,0
DA:135,0
DA:136,0
DA:137,0
DA:138,0
DA:139,0
DA:146,0
DA:147,0
DA:148,0
DA:149,0
DA:150,0
DA:151,0
DA:152,0
DA:153,0
DA:154,0
LH:2
LF:69
end_of_record
SF:/Users/rob.macdonald/Documents/code/misc/demo/lib/images.ts
FN:31,getPosterUrl
FN:45,getPosterSrcSet
FN:59,getBackdropUrl
FN:72,getBackdropSrcSet
FN:86,getGridPosterSize
FN:94,getDetailPosterSize
FNDA:4,getPosterUrl
FNDA:2,getPosterSrcSet
FNDA:3,getBackdropUrl
FNDA:2,getBackdropSrcSet
FNDA:1,getGridPosterSize
FNDA:1,getDetailPosterSize
FNF:6
FNH:6
BRDA:35,1,0,2
BRDA:46,2,0,1
BRDA:63,3,0,1
BRDA:65,3,1,2
BRDA:73,4,0,1
BRF:5
BRH:5
DA:6,1
DA:31,1
DA:32,1
DA:33,1
DA:35,5
DA:36,7
DA:37,7
DA:38,7
DA:39,5
DA:45,1
DA:46,3
DA:47,4
DA:48,4
DA:53,4
DA:54,3
DA:59,1
DA:60,1
DA:61,1
DA:63,4
DA:64,5
DA:65,5
DA:66,6
DA:67,4
DA:72,1
DA:73,3
DA:74,4
DA:75,4
DA:79,4
DA:80,3
DA:86,1
DA:88,2
DA:89,2
DA:94,1
DA:96,2
DA:97,2
LH:35
LF:35
end_of_record
SF:/Users/rob.macdonald/Documents/code/misc/demo/lib/logging/logger.ts
FN:53,extractRequestContext
FN:87,formatLogEntry
FN:94,writeLog
FN:117,createLogEntry
FN:166,logDebug
FN:178,logInfo
FN:190,logWarn
FN:203,logError
FN:217,logRouteError
FNDA:0,extractRequestContext
FNDA:1,formatLogEntry
FNDA:1,writeLog
FNDA:1,createLogEntry
FNDA:0,logDebug
FNDA:0,logInfo
FNDA:0,logWarn
FNDA:1,logError
FNDA:0,logRouteError
FNF:9
FNH:4
BRDA:99,4,0,0
BRDA:102,4,1,0
BRDA:105,4,2,0
BRDA:128,5,0,0
BRDA:139,5,1,0
BRDA:148,5,2,0
BRF:6
BRH:0
DA:8,2
DA:9,2
DA:14,6
DA:53,0
DA:54,0
DA:56,0
DA:57,0
DA:58,0
DA:61,0
DA:62,0
DA:63,0
DA:64,0
DA:65,0
DA:66,0
DA:67,0
DA:68,0
DA:69,0
DA:71,0
DA:73,0
DA:74,0
DA:75,0
DA:76,0
DA:77,0
DA:78,0
DA:79,0
DA:80,0
DA:81,0
DA:82,0
DA:87,2
DA:88,3
DA:89,3
DA:94,2
DA:95,3
DA:98,3
DA:99,0
DA:100,0
DA:101,0
DA:102,0
DA:103,0
DA:104,0
DA:105,0
DA:106,0
DA:107,0
DA:108,3
DA:109,3
DA:110,3
DA:111,3
DA:112,3
DA:117,2
DA:118,2
DA:119,2
DA:120,2
DA:121,2
DA:122,2
DA:124,3
DA:125,3
DA:126,3
DA:127,3
DA:128,0
DA:129,3
DA:132,3
DA:133,3
DA:134,3
DA:135,3
DA:136,3
DA:137,3
DA:138,3
DA:139,0
DA:140,0
DA:141,0
DA:142,0
DA:143,0
DA:144,0
DA:145,3
DA:148,0
DA:149,0
DA:150,0
DA:151,0
DA:153,0
DA:154,0
DA:155,0
DA:156,0
DA:157,0
DA:158,0
DA:160,3
DA:161,3
DA:166,0
DA:167,0
DA:168,0
DA:169,0
DA:171,0
DA:172,0
DA:173,0
DA:178,0
DA:179,0
DA:180,0
DA:181,0
DA:183,0
DA:184,0
DA:185,0
DA:190,0
DA:191,0
DA:192,0
DA:193,0
DA:194,0
DA:196,0
DA:197,0
DA:198,0
DA:203,2
DA:204,2
DA:205,2
DA:206,2
DA:207,2
DA:209,3
DA:210,3
DA:211,3
DA:217,0
DA:218,0
DA:219,0
DA:220,0
DA:221,0
DA:223,0
DA:224,0
DA:225,0
LH:43
LF:124
end_of_record
SF:/Users/rob.macdonald/Documents/code/misc/demo/lib/region.ts
FN:42,detectRegionFromAcceptLanguage
FN:86,detectRegionFromRequest
FN:100,getUserRegionPreference
FN:137,getUserRegion
FN:159,getRegionName
FN:177,isSupportedRegion
FNDA:13,detectRegionFromAcceptLanguage
FNDA:2,detectRegionFromRequest
FNDA:0,getUserRegionPreference
FNDA:0,getUserRegion
FNDA:12,getRegionName
FNDA:10,isSupportedRegion
FNF:6
FNH:4
BRDA:45,1,0,2
BRDA:47,1,1,11
BRDA:60,1,2,12
BRDA:62,1,3,8
BRDA:64,1,4,4
BRDA:68,1,5,0
BRDA:71,1,6,3
BRDA:168,6,0,0
BRF:8
BRH:6
DA:8,1
DA:11,1
DA:17,1
DA:18,1
DA:19,1
DA:20,1
DA:21,1
DA:22,1
DA:23,1
DA:24,1
DA:25,1
DA:26,1
DA:31,1
DA:42,1
DA:43,1
DA:45,14
DA:46,16
DA:47,16
DA:51,25
DA:52,25
DA:53,25
DA:55,43
DA:56,43
DA:57,25
DA:60,14
DA:62,26
DA:63,34
DA:64,34
DA:67,30
DA:68,0
DA:69,0
DA:70,0
DA:71,26
DA:74,17
DA:75,14
DA:86,1
DA:87,3
DA:88,3
DA:89,3
DA:100,0
DA:101,0
DA:103,0
DA:104,0
DA:105,0
DA:106,0
DA:109,0
DA:110,0
DA:111,0
DA:113,0
DA:114,0
DA:116,0
DA:117,0
DA:118,0
DA:120,0
DA:121,0
DA:122,0
DA:123,0
DA:124,0
DA:125,0
DA:137,0
DA:138,0
DA:139,0
DA:142,0
DA:143,0
DA:144,0
DA:145,0
DA:146,0
DA:147,0
DA:150,0
DA:151,0
DA:159,1
DA:160,13
DA:161,13
DA:162,13
DA:163,13
DA:164,13
DA:165,13
DA:166,13
DA:167,13
DA:168,0
DA:169,13
DA:177,1
DA:178,1
DA:180,11
DA:181,11
LH:50
LF:85
end_of_record
SF:/Users/rob.macdonald/Documents/code/misc/demo/lib/security/csrf.ts
FN:30,generateCsrfToken
FN:45,setCsrfCookie
FN:63,getCsrfTokenFromCookie
FN:85,getCsrfTokenFromForm
FN:96,getCsrfTokenFromJson
FN:114,validateCsrfToken
FN:164,validateCsrfTokenFromJson
FN:191,constantTimeEquals
FN:211,createCsrfErrorResponse
FNDA:16,generateCsrfToken
FNDA:1,setCsrfCookie
FNDA:10,getCsrfTokenFromCookie
FNDA:4,getCsrfTokenFromForm
FNDA:8,getCsrfTokenFromJson
FNDA:4,validateCsrfToken
FNDA:4,validateCsrfTokenFromJson
FNDA:6,constantTimeEquals
FNDA:1,createCsrfErrorResponse
FNF:9
FNH:9
BRDA:50,2,0,0
BRDA:65,3,0,2
BRDA:67,3,1,8
BRDA:72,3,2,0
BRDA:74,3,3,8
BRDA:86,6,0,3
BRDA:87,6,1,1
BRDA:100,7,0,5
BRDA:100,7,1,3
BRDA:121,8,0,0
BRDA:127,8,1,1
BRDA:129,8,2,3
BRDA:129,8,3,1
BRDA:131,8,4,2
BRDA:133,8,5,0
BRDA:135,8,6,1
BRDA:137,8,7,1
BRDA:146,8,8,0
BRDA:170,9,0,1
BRDA:172,9,1,3
BRDA:176,9,2,1
BRDA:178,9,3,2
BRDA:192,10,0,0
BRDA:197,10,1,258
BRF:24
BRH:18
DA:13,1
DA:18,1
DA:23,1
DA:30,1
DA:31,17
DA:32,17
DA:33,17
DA:34,17
DA:35,17
DA:36,17
DA:37,17
DA:45,1
DA:46,2
DA:47,2
DA:48,2
DA:50,0
DA:51,0
DA:52,0
DA:53,2
DA:54,2
DA:55,2
DA:63,1
DA:64,11
DA:65,11
DA:66,13
DA:67,13
DA:69,19
DA:70,19
DA:72,0
DA:73,0
DA:74,0
DA:76,19
DA:77,11
DA:85,1
DA:86,5
DA:87,5
DA:88,5
DA:96,1
DA:97,1
DA:99,9
DA:100,9
DA:101,9
DA:114,1
DA:115,1
DA:116,1
DA:117,1
DA:120,5
DA:121,0
DA:122,0
DA:123,0
DA:126,5
DA:127,5
DA:128,6
DA:129,5
DA:130,9
DA:131,8
DA:133,0
DA:134,10
DA:135,10
DA:136,10
DA:137,10
DA:138,11
DA:139,11
DA:140,11
DA:141,11
DA:142,11
DA:143,11
DA:144,10
DA:146,0
DA:147,0
DA:148,0
DA:151,5
DA:152,5
DA:164,1
DA:165,1
DA:166,1
DA:169,5
DA:170,5
DA:171,6
DA:172,6
DA:175,8
DA:176,5
DA:177,6
DA:178,6
DA:181,7
DA:182,5
DA:191,1
DA:192,0
DA:193,0
DA:194,0
DA:196,7
DA:197,7
DA:198,265
DA:199,265
DA:201,7
DA:202,7
DA:204,1
DA:211,1
DA:212,2
DA:213,2
LH:84
LF:100
end_of_record
SF:/Users/rob.macdonald/Documents/code/misc/demo/lib/security/rate-limit.ts
FN:50,getClientIp
FN:75,checkRateLimit
FN:116,recordFailedAttempt
FN:144,clearFailedAttempts
FN:154,getRateLimitStatus
FNDA:4,getClientIp
FNDA:5,checkRateLimit
FNDA:31,recordFailedAttempt
FNDA:9,clearFailedAttempts
FNDA:5,getRateLimitStatus
FNF:5
FNH:5
BRDA:53,2,0,2
BRDA:60,2,1,1
BRDA:82,3,0,2
BRDA:84,3,1,3
BRDA:87,3,2,1
BRDA:87,3,3,1
BRDA:90,3,4,2
BRDA:97,3,5,0
BRDA:104,3,6,2
BRDA:120,5,0,7
BRDA:133,5,1,2
BRDA:159,8,0,1
BRDA:161,8,1,4
BRDA:168,8,2,1
BRDA:168,8,3,1
BRDA:170,8,4,4
BRF:16
BRH:15
DA:9,3
DA:10,3
DA:25,3
DA:30,0
DA:31,0
DA:32,0
DA:34,0
DA:35,0
DA:36,0
DA:37,0
DA:38,0
DA:39,0
DA:41,0
DA:42,0
DA:43,0
DA:44,0
DA:45,0
DA:50,3
DA:52,7
DA:53,7
DA:55,9
DA:56,9
DA:59,9
DA:60,7
DA:61,8
DA:62,8
DA:66,8
DA:67,7
DA:75,3
DA:76,3
DA:78,8
DA:79,8
DA:82,8
DA:83,40
DA:84,10
DA:87,8
DA:88,9
DA:89,36
DA:90,9
DA:93,10
DA:94,10
DA:97,0
DA:99,0
DA:100,0
DA:101,0
DA:102,0
DA:103,0
DA:104,0
DA:107,10
DA:108,40
DA:109,8
DA:116,3
DA:117,34
DA:118,34
DA:120,34
DA:121,164
DA:122,41
DA:123,41
DA:126,34
DA:129,34
DA:130,34
DA:133,34
DA:134,36
DA:135,36
DA:136,36
DA:137,34
DA:144,3
DA:145,12
DA:146,12
DA:154,3
DA:158,8
DA:159,8
DA:160,36
DA:161,9
DA:163,12
DA:164,12
DA:165,12
DA:167,12
DA:168,8
DA:169,9
DA:170,9
DA:172,12
DA:173,12
DA:174,12
DA:175,12
DA:176,8
LH:65
LF:86
end_of_record
SF:/Users/rob.macdonald/Documents/code/misc/demo/lib/security/xss.ts
FN:32,escapeHtml
FN:63,escapeHtmlAttribute
FN:82,escapeJsString
FNDA:13,escapeHtml
FNDA:3,escapeHtmlAttribute
FNDA:10,escapeJsString
FNF:3
FNH:3
BRDA:33,1,0,3
BRDA:35,1,1,10
BRDA:83,4,0,2
BRDA:85,4,1,8
BRF:4
BRH:4
DA:32,1
DA:33,14
DA:34,17
DA:35,17
DA:37,24
DA:38,24
DA:39,24
DA:40,24
DA:41,24
DA:42,24
DA:43,24
DA:45,24
DA:46,14
DA:63,1
DA:64,4
DA:65,4
DA:82,1
DA:83,11
DA:84,13
DA:85,13
DA:87,19
DA:88,19
DA:89,19
DA:90,19
DA:91,19
DA:92,19
DA:93,19
DA:94,11
LH:28
LF:28
end_of_record
SF:/Users/rob.macdonald/Documents/code/misc/demo/lib/tmdb/client.ts
FN:22,<instance_members_initializer>
FN:28,canMakeRequest
FN:48,waitForAvailability
FN:65,getApiKey
FN:101,request
FN:349,getMovieById
FN:365,getMovieDetails
FN:383,getTvDetails
FN:400,mapTMDBMovieToContent
FN:423,mapTMDBTVToContent
FN:448,searchMovies
FN:481,searchTv
FN:565,getMovieWatchProviders
FN:585,getTvWatchProviders
FN:605,filterWatchProvidersByRegion
FN:633,getMovieWatchProvidersByRegion
FN:649,getTvWatchProvidersByRegion
FN:680,getTrending
FN:730,getNowPlayingMovies
FN:760,getOnTheAirTv
FN:811,getMovieVideos
FN:829,getTvVideos
FN:845,extractTrailerKey
FN:879,getMovieSimilar
FN:912,getTvSimilar
FNDA:1,<instance_members_initializer>
FNDA:0,canMakeRequest
FNDA:0,waitForAvailability
FNDA:0,getApiKey
FNDA:0,request
FNDA:0,getMovieById
FNDA:0,getMovieDetails
FNDA:0,getTvDetails
FNDA:0,mapTMDBMovieToContent
FNDA:0,mapTMDBTVToContent
FNDA:0,searchMovies
FNDA:0,searchTv
FNDA:0,getMovieWatchProviders
FNDA:0,getTvWatchProviders
FNDA:0,filterWatchProvidersByRegion
FNDA:0,getMovieWatchProvidersByRegion
FNDA:0,getTvWatchProvidersByRegion
FNDA:0,getTrending
FNDA:0,getNowPlayingMovies
FNDA:0,getOnTheAirTv
FNDA:0,getMovieVideos
FNDA:0,getTvVideos
FNDA:0,extractTrailerKey
FNDA:0,getMovieSimilar
FNDA:0,getTvSimilar
FNF:25
FNH:1
BRF:0
BRH:0
DA:8,1
DA:10,1
DA:11,1
DA:12,1
DA:16,1
DA:21,1
DA:22,1
DA:28,0
DA:29,0
DA:30,0
DA:33,0
DA:36,0
DA:37,0
DA:38,0
DA:39,0
DA:41,0
DA:42,0
DA:48,0
DA:49,0
DA:50,0
DA:51,0
DA:52,0
DA:53,0
DA:54,0
DA:55,0
DA:56,0
DA:57,1
DA:60,1
DA:65,0
DA:66,0
DA:67,0
DA:68,0
DA:69,0
DA:71,0
DA:72,0
DA:73,0
DA:101,0
DA:102,0
DA:103,0
DA:104,0
DA:107,0
DA:108,0
DA:109,0
DA:110,0
DA:113,0
DA:115,0
DA:116,0
DA:119,0
DA:122,0
DA:123,0
DA:124,0
DA:125,0
DA:126,0
DA:128,0
DA:129,0
DA:132,0
DA:135,0
DA:136,0
DA:137,0
DA:138,0
DA:139,0
DA:140,0
DA:141,0
DA:142,0
DA:143,0
DA:146,0
DA:147,0
DA:148,0
DA:150,0
DA:151,0
DA:154,0
DA:155,0
DA:156,0
DA:158,0
DA:160,0
DA:163,0
DA:165,0
DA:166,0
DA:167,0
DA:169,0
DA:170,0
DA:171,0
DA:172,0
DA:173,0
DA:349,0
DA:350,0
DA:351,0
DA:352,0
DA:354,0
DA:355,0
DA:356,0
DA:365,0
DA:366,0
DA:367,0
DA:368,0
DA:370,0
DA:371,0
DA:372,0
DA:373,0
DA:374,0
DA:383,0
DA:384,0
DA:385,0
DA:386,0
DA:388,0
DA:389,0
DA:390,0
DA:391,0
DA:392,0
DA:400,0
DA:401,0
DA:402,0
DA:403,0
DA:404,0
DA:405,0
DA:406,0
DA:407,0
DA:408,0
DA:409,0
DA:410,0
DA:411,0
DA:412,0
DA:413,0
DA:414,0
DA:415,0
DA:423,0
DA:424,0
DA:425,0
DA:426,0
DA:427,0
DA:428,0
DA:429,0
DA:430,0
DA:431,0
DA:432,0
DA:433,0
DA:434,0
DA:435,0
DA:436,0
DA:437,0
DA:438,0
DA:448,0
DA:449,0
DA:450,0
DA:452,0
DA:453,0
DA:454,0
DA:456,0
DA:457,0
DA:458,0
DA:460,0
DA:461,0
DA:462,0
DA:463,0
DA:465,0
DA:466,0
DA:467,0
DA:468,0
DA:469,0
DA:470,0
DA:471,0
DA:481,0
DA:482,0
DA:483,0
DA:485,0
DA:486,0
DA:487,0
DA:489,0
DA:490,0
DA:491,0
DA:493,0
DA:494,0
DA:495,0
DA:496,0
DA:498,0
DA:499,0
DA:500,0
DA:501,0
DA:502,0
DA:503,0
DA:504,0
DA:554,8
DA:565,0
DA:566,0
DA:568,0
DA:569,0
DA:570,0
DA:572,0
DA:573,0
DA:575,0
DA:576,0
DA:585,0
DA:586,0
DA:588,0
DA:589,0
DA:590,0
DA:592,0
DA:593,0
DA:595,0
DA:596,0
DA:605,0
DA:606,0
DA:607,0
DA:609,0
DA:610,0
DA:611,0
DA:612,0
DA:614,0
DA:615,0
DA:616,0
DA:617,0
DA:618,0
DA:619,0
DA:620,0
DA:621,0
DA:622,0
DA:623,0
DA:633,0
DA:634,0
DA:635,0
DA:637,0
DA:638,0
DA:639,0
DA:649,0
DA:650,0
DA:651,0
DA:653,0
DA:654,0
DA:655,0
DA:680,0
DA:681,0
DA:682,0
DA:684,0
DA:685,0
DA:686,0
DA:688,0
DA:690,0
DA:691,0
DA:692,0
DA:695,0
DA:696,0
DA:697,0
DA:698,0
DA:703,0
DA:705,0
DA:707,0
DA:708,0
DA:710,0
DA:711,0
DA:712,0
DA:714,0
DA:715,0
DA:716,0
DA:717,0
DA:718,0
DA:719,0
DA:720,0
DA:730,0
DA:731,0
DA:733,0
DA:734,0
DA:735,0
DA:738,0
DA:739,0
DA:740,0
DA:741,0
DA:744,0
DA:745,0
DA:746,0
DA:747,0
DA:748,0
DA:749,0
DA:750,0
DA:760,0
DA:761,0
DA:763,0
DA:764,0
DA:765,0
DA:768,0
DA:769,0
DA:770,0
DA:771,0
DA:774,0
DA:775,0
DA:776,0
DA:777,0
DA:778,0
DA:779,0
DA:780,0
DA:811,0
DA:812,0
DA:814,0
DA:815,0
DA:816,0
DA:818,0
DA:819,0
DA:820,0
DA:829,0
DA:830,0
DA:831,0
DA:832,0
DA:834,0
DA:835,0
DA:836,0
DA:845,0
DA:846,0
DA:847,0
DA:848,0
DA:851,0
DA:852,0
DA:853,0
DA:854,0
DA:857,0
DA:858,0
DA:859,0
DA:862,0
DA:863,0
DA:864,0
DA:865,0
DA:868,0
DA:869,0
DA:879,0
DA:880,0
DA:881,0
DA:883,0
DA:884,0
DA:885,0
DA:887,0
DA:888,0
DA:889,0
DA:891,0
DA:892,0
DA:893,0
DA:896,0
DA:897,0
DA:898,0
DA:899,0
DA:900,0
DA:901,0
DA:902,0
DA:912,0
DA:913,0
DA:914,0
DA:916,0
DA:917,0
DA:918,0
DA:920,0
DA:921,0
DA:922,0
DA:924,0
DA:925,0
DA:926,0
DA:929,0
DA:930,0
DA:931,0
DA:932,0
DA:933,0
DA:934,0
DA:935,0
DA:940,1
DA:941,1
DA:942,1
DA:943,1
DA:944,1
DA:945,1
DA:946,1
DA:947,1
DA:948,1
DA:949,1
DA:950,1
DA:951,1
DA:952,1
DA:953,1
DA:954,1
DA:955,1
DA:956,1
DA:957,1
DA:958,1
LH:29
LF:378
end_of_record
